1683100456.659118 client started (6676): version 3.2a, socket /tmp/tmux-1001/default, protocol 8
1683100456.659143 on Linux 5.15.90.1-microsoft-standard-WSL2 #1 SMP Fri Jan 27 02:56:13 UTC 2023
1683100456.659148 using libevent 2.1.12-stable (poll); ncurses 6.3
1683100456.659160 flags are 0x10010000
1683100456.659163 socket is /tmp/tmux-1001/default
1683100456.659170 trying connect
1683100456.659236 add peer 0x5588d59ce2c0: 6 ((nil))
1683100456.659454 sending message 100 to peer 0x5588d59ce2c0 (4 bytes)
1683100456.659480 sending message 111 to peer 0x5588d59ce2c0 (8 bytes)
1683100456.659484 sending message 101 to peer 0x5588d59ce2c0 (16 bytes)
1683100456.659487 sending message 109 to peer 0x5588d59ce2c0 (4 bytes)
1683100456.659491 sending message 102 to peer 0x5588d59ce2c0 (12 bytes)
1683100456.659493 sending message 108 to peer 0x5588d59ce2c0 (76 bytes)
1683100456.659497 sending message 112 to peer 0x5588d59ce2c0 (70 bytes)
1683100456.659500 sending message 112 to peer 0x5588d59ce2c0 (5 bytes)
1683100456.659503 sending message 112 to peer 0x5588d59ce2c0 (5 bytes)
1683100456.659505 sending message 112 to peer 0x5588d59ce2c0 (6 bytes)
1683100456.659508 sending message 112 to peer 0x5588d59ce2c0 (6 bytes)
1683100456.659510 sending message 112 to peer 0x5588d59ce2c0 (11 bytes)
1683100456.659513 sending message 112 to peer 0x5588d59ce2c0 (10 bytes)
1683100456.659515 sending message 112 to peer 0x5588d59ce2c0 (13 bytes)
1683100456.659518 sending message 112 to peer 0x5588d59ce2c0 (13 bytes)
1683100456.659521 sending message 112 to peer 0x5588d59ce2c0 (18 bytes)
1683100456.659523 sending message 112 to peer 0x5588d59ce2c0 (11 bytes)
1683100456.659526 sending message 112 to peer 0x5588d59ce2c0 (21 bytes)
1683100456.659528 sending message 112 to peer 0x5588d59ce2c0 (13 bytes)
1683100456.659531 sending message 112 to peer 0x5588d59ce2c0 (7 bytes)
1683100456.659535 sending message 112 to peer 0x5588d59ce2c0 (13 bytes)
1683100456.659537 sending message 112 to peer 0x5588d59ce2c0 (7 bytes)
1683100456.659540 sending message 112 to peer 0x5588d59ce2c0 (13 bytes)
1683100456.659542 sending message 112 to peer 0x5588d59ce2c0 (9 bytes)
1683100456.659545 sending message 112 to peer 0x5588d59ce2c0 (21 bytes)
1683100456.659547 sending message 112 to peer 0x5588d59ce2c0 (13 bytes)
1683100456.659550 sending message 112 to peer 0x5588d59ce2c0 (8 bytes)
1683100456.659552 sending message 112 to peer 0x5588d59ce2c0 (12 bytes)
1683100456.659555 sending message 112 to peer 0x5588d59ce2c0 (13 bytes)
1683100456.659558 sending message 112 to peer 0x5588d59ce2c0 (9 bytes)
1683100456.659560 sending message 112 to peer 0x5588d59ce2c0 (9 bytes)
1683100456.659563 sending message 112 to peer 0x5588d59ce2c0 (12 bytes)
1683100456.659565 sending message 112 to peer 0x5588d59ce2c0 (8 bytes)
1683100456.659568 sending message 112 to peer 0x5588d59ce2c0 (7 bytes)
1683100456.659570 sending message 112 to peer 0x5588d59ce2c0 (7 bytes)
1683100456.659573 sending message 112 to peer 0x5588d59ce2c0 (9 bytes)
1683100456.659575 sending message 112 to peer 0x5588d59ce2c0 (13 bytes)
1683100456.659578 sending message 112 to peer 0x5588d59ce2c0 (9 bytes)
1683100456.659581 sending message 112 to peer 0x5588d59ce2c0 (15 bytes)
1683100456.659583 sending message 112 to peer 0x5588d59ce2c0 (13 bytes)
1683100456.659586 sending message 112 to peer 0x5588d59ce2c0 (12 bytes)
1683100456.659589 sending message 112 to peer 0x5588d59ce2c0 (8 bytes)
1683100456.659592 sending message 112 to peer 0x5588d59ce2c0 (14 bytes)
1683100456.659595 sending message 112 to peer 0x5588d59ce2c0 (9 bytes)
1683100456.659597 sending message 112 to peer 0x5588d59ce2c0 (10 bytes)
1683100456.659600 sending message 112 to peer 0x5588d59ce2c0 (10 bytes)
1683100456.659603 sending message 112 to peer 0x5588d59ce2c0 (10 bytes)
1683100456.659605 sending message 112 to peer 0x5588d59ce2c0 (10 bytes)
1683100456.659608 sending message 112 to peer 0x5588d59ce2c0 (11 bytes)
1683100456.659610 sending message 112 to peer 0x5588d59ce2c0 (10 bytes)
1683100456.659613 sending message 112 to peer 0x5588d59ce2c0 (8 bytes)
1683100456.659615 sending message 112 to peer 0x5588d59ce2c0 (11 bytes)
1683100456.659634 sending message 112 to peer 0x5588d59ce2c0 (11 bytes)
1683100456.659638 sending message 112 to peer 0x5588d59ce2c0 (11 bytes)
1683100456.659642 sending message 112 to peer 0x5588d59ce2c0 (8 bytes)
1683100456.659645 sending message 112 to peer 0x5588d59ce2c0 (8 bytes)
1683100456.659648 sending message 112 to peer 0x5588d59ce2c0 (8 bytes)
1683100456.659651 sending message 112 to peer 0x5588d59ce2c0 (10 bytes)
1683100456.659654 sending message 112 to peer 0x5588d59ce2c0 (10 bytes)
1683100456.659657 sending message 112 to peer 0x5588d59ce2c0 (10 bytes)
1683100456.659659 sending message 112 to peer 0x5588d59ce2c0 (10 bytes)
1683100456.659662 sending message 112 to peer 0x5588d59ce2c0 (10 bytes)
1683100456.659664 sending message 112 to peer 0x5588d59ce2c0 (11 bytes)
1683100456.659667 sending message 112 to peer 0x5588d59ce2c0 (11 bytes)
1683100456.659670 sending message 112 to peer 0x5588d59ce2c0 (10 bytes)
1683100456.659672 sending message 112 to peer 0x5588d59ce2c0 (9 bytes)
1683100456.659675 sending message 112 to peer 0x5588d59ce2c0 (9 bytes)
1683100456.659678 sending message 112 to peer 0x5588d59ce2c0 (12 bytes)
1683100456.659680 sending message 112 to peer 0x5588d59ce2c0 (9 bytes)
1683100456.659683 sending message 112 to peer 0x5588d59ce2c0 (6 bytes)
1683100456.659685 sending message 112 to peer 0x5588d59ce2c0 (13 bytes)
1683100456.659688 sending message 112 to peer 0x5588d59ce2c0 (8 bytes)
1683100456.659690 sending message 112 to peer 0x5588d59ce2c0 (15 bytes)
1683100456.659693 sending message 112 to peer 0x5588d59ce2c0 (13 bytes)
1683100456.659696 sending message 112 to peer 0x5588d59ce2c0 (70 bytes)
1683100456.659699 sending message 112 to peer 0x5588d59ce2c0 (69 bytes)
1683100456.659701 sending message 112 to peer 0x5588d59ce2c0 (10 bytes)
1683100456.659704 sending message 112 to peer 0x5588d59ce2c0 (8 bytes)
1683100456.659707 sending message 112 to peer 0x5588d59ce2c0 (15 bytes)
1683100456.659709 sending message 112 to peer 0x5588d59ce2c0 (13 bytes)
1683100456.659712 sending message 112 to peer 0x5588d59ce2c0 (10 bytes)
1683100456.659715 sending message 112 to peer 0x5588d59ce2c0 (10 bytes)
1683100456.659718 sending message 112 to peer 0x5588d59ce2c0 (5 bytes)
1683100456.659721 sending message 112 to peer 0x5588d59ce2c0 (15 bytes)
1683100456.659724 sending message 104 to peer 0x5588d59ce2c0 (0 bytes)
1683100456.659727 sending message 110 to peer 0x5588d59ce2c0 (0 bytes)
1683100456.659729 sending message 107 to peer 0x5588d59ce2c0 (4 bytes)
1683100456.659732 sending message 105 to peer 0x5588d59ce2c0 (11 bytes)
1683100456.659735 sending message 105 to peer 0x5588d59ce2c0 (17 bytes)
1683100456.659737 sending message 105 to peer 0x5588d59ce2c0 (15 bytes)
1683100456.659749 sending message 105 to peer 0x5588d59ce2c0 (16 bytes)
1683100456.659754 sending message 105 to peer 0x5588d59ce2c0 (13 bytes)
1683100456.659757 sending message 105 to peer 0x5588d59ce2c0 (12 bytes)
1683100456.659760 sending message 105 to peer 0x5588d59ce2c0 (9 bytes)
1683100456.659762 sending message 105 to peer 0x5588d59ce2c0 (50 bytes)
1683100456.659765 sending message 105 to peer 0x5588d59ce2c0 (16 bytes)
1683100456.659767 sending message 105 to peer 0x5588d59ce2c0 (23 bytes)
1683100456.659770 sending message 105 to peer 0x5588d59ce2c0 (59 bytes)
1683100456.659773 sending message 105 to peer 0x5588d59ce2c0 (74 bytes)
1683100456.659776 sending message 105 to peer 0x5588d59ce2c0 (856 bytes)
1683100456.659779 sending message 105 to peer 0x5588d59ce2c0 (40 bytes)
1683100456.659781 sending message 105 to peer 0x5588d59ce2c0 (80 bytes)
1683100456.659784 sending message 105 to peer 0x5588d59ce2c0 (16 bytes)
1683100456.659787 sending message 105 to peer 0x5588d59ce2c0 (15 bytes)
1683100456.659790 sending message 105 to peer 0x5588d59ce2c0 (8 bytes)
1683100456.659792 sending message 105 to peer 0x5588d59ce2c0 (21 bytes)
1683100456.659795 sending message 105 to peer 0x5588d59ce2c0 (18 bytes)
1683100456.659797 sending message 105 to peer 0x5588d59ce2c0 (26 bytes)
1683100456.659800 sending message 105 to peer 0x5588d59ce2c0 (35 bytes)
1683100456.659805 sending message 105 to peer 0x5588d59ce2c0 (13 bytes)
1683100456.659808 sending message 105 to peer 0x5588d59ce2c0 (9 bytes)
1683100456.659811 sending message 105 to peer 0x5588d59ce2c0 (26 bytes)
1683100456.659814 sending message 105 to peer 0x5588d59ce2c0 (24 bytes)
1683100456.659816 sending message 105 to peer 0x5588d59ce2c0 (33 bytes)
1683100456.659819 sending message 105 to peer 0x5588d59ce2c0 (23 bytes)
1683100456.659821 sending message 105 to peer 0x5588d59ce2c0 (34 bytes)
1683100456.659824 sending message 105 to peer 0x5588d59ce2c0 (53 bytes)
1683100456.659826 sending message 105 to peer 0x5588d59ce2c0 (48 bytes)
1683100456.659829 sending message 105 to peer 0x5588d59ce2c0 (38 bytes)
1683100456.659831 sending message 105 to peer 0x5588d59ce2c0 (16 bytes)
1683100456.659834 sending message 106 to peer 0x5588d59ce2c0 (0 bytes)
1683100456.659838 sending message 200 to peer 0x5588d59ce2c0 (4 bytes)
1683100456.659841 client loop enter
1683100456.660496 peer 0x5588d59ce2c0 message 303
1683100456.660544 open write file 2 -
1683100456.660555 sending message 305 to peer 0x5588d59ce2c0 (8 bytes)
1683100456.660588 write check file 2
1683100456.660751 peer 0x5588d59ce2c0 message 304
1683100456.660784 write 58 to file 2
1683100456.660791 peer 0x5588d59ce2c0 message 203
1683100456.660795 file 2 58 bytes left
1683100456.660825 write check file 2
1683100456.660830 client loop exit
