1683100428.141647 client started (6460): version 3.2a, socket /tmp/tmux-1001/default, protocol 8
1683100428.141727 on Linux 5.15.90.1-microsoft-standard-WSL2 #1 SMP Fri Jan 27 02:56:13 UTC 2023
1683100428.141762 using libevent 2.1.12-stable (poll); ncurses 6.3
1683100428.141779 flags are 0x10010000
1683100428.141782 socket is /tmp/tmux-1001/default
1683100428.141795 trying connect
1683100428.141993 add peer 0x55e585a932c0: 6 ((nil))
1683100428.142737 sending message 100 to peer 0x55e585a932c0 (4 bytes)
1683100428.142768 sending message 111 to peer 0x55e585a932c0 (8 bytes)
1683100428.142772 sending message 101 to peer 0x55e585a932c0 (16 bytes)
1683100428.142775 sending message 109 to peer 0x55e585a932c0 (4 bytes)
1683100428.142777 sending message 102 to peer 0x55e585a932c0 (12 bytes)
1683100428.142779 sending message 108 to peer 0x55e585a932c0 (76 bytes)
1683100428.142781 sending message 112 to peer 0x55e585a932c0 (70 bytes)
1683100428.142784 sending message 112 to peer 0x55e585a932c0 (5 bytes)
1683100428.142787 sending message 112 to peer 0x55e585a932c0 (5 bytes)
1683100428.142789 sending message 112 to peer 0x55e585a932c0 (6 bytes)
1683100428.142791 sending message 112 to peer 0x55e585a932c0 (6 bytes)
1683100428.142793 sending message 112 to peer 0x55e585a932c0 (11 bytes)
1683100428.142795 sending message 112 to peer 0x55e585a932c0 (10 bytes)
1683100428.142797 sending message 112 to peer 0x55e585a932c0 (13 bytes)
1683100428.142799 sending message 112 to peer 0x55e585a932c0 (13 bytes)
1683100428.142801 sending message 112 to peer 0x55e585a932c0 (18 bytes)
1683100428.142803 sending message 112 to peer 0x55e585a932c0 (11 bytes)
1683100428.142805 sending message 112 to peer 0x55e585a932c0 (21 bytes)
1683100428.142807 sending message 112 to peer 0x55e585a932c0 (13 bytes)
1683100428.142809 sending message 112 to peer 0x55e585a932c0 (7 bytes)
1683100428.142811 sending message 112 to peer 0x55e585a932c0 (13 bytes)
1683100428.142813 sending message 112 to peer 0x55e585a932c0 (7 bytes)
1683100428.142815 sending message 112 to peer 0x55e585a932c0 (13 bytes)
1683100428.142817 sending message 112 to peer 0x55e585a932c0 (9 bytes)
1683100428.142819 sending message 112 to peer 0x55e585a932c0 (21 bytes)
1683100428.142821 sending message 112 to peer 0x55e585a932c0 (13 bytes)
1683100428.142823 sending message 112 to peer 0x55e585a932c0 (8 bytes)
1683100428.142825 sending message 112 to peer 0x55e585a932c0 (12 bytes)
1683100428.142827 sending message 112 to peer 0x55e585a932c0 (13 bytes)
1683100428.142829 sending message 112 to peer 0x55e585a932c0 (9 bytes)
1683100428.142831 sending message 112 to peer 0x55e585a932c0 (9 bytes)
1683100428.142833 sending message 112 to peer 0x55e585a932c0 (12 bytes)
1683100428.142835 sending message 112 to peer 0x55e585a932c0 (8 bytes)
1683100428.142836 sending message 112 to peer 0x55e585a932c0 (7 bytes)
1683100428.142838 sending message 112 to peer 0x55e585a932c0 (7 bytes)
1683100428.142840 sending message 112 to peer 0x55e585a932c0 (9 bytes)
1683100428.142842 sending message 112 to peer 0x55e585a932c0 (13 bytes)
1683100428.142844 sending message 112 to peer 0x55e585a932c0 (9 bytes)
1683100428.142846 sending message 112 to peer 0x55e585a932c0 (15 bytes)
1683100428.142848 sending message 112 to peer 0x55e585a932c0 (13 bytes)
1683100428.142850 sending message 112 to peer 0x55e585a932c0 (12 bytes)
1683100428.142852 sending message 112 to peer 0x55e585a932c0 (8 bytes)
1683100428.142855 sending message 112 to peer 0x55e585a932c0 (14 bytes)
1683100428.142857 sending message 112 to peer 0x55e585a932c0 (9 bytes)
1683100428.142859 sending message 112 to peer 0x55e585a932c0 (10 bytes)
1683100428.142861 sending message 112 to peer 0x55e585a932c0 (10 bytes)
1683100428.142863 sending message 112 to peer 0x55e585a932c0 (10 bytes)
1683100428.142865 sending message 112 to peer 0x55e585a932c0 (10 bytes)
1683100428.142867 sending message 112 to peer 0x55e585a932c0 (11 bytes)
1683100428.142869 sending message 112 to peer 0x55e585a932c0 (10 bytes)
1683100428.142871 sending message 112 to peer 0x55e585a932c0 (8 bytes)
1683100428.142873 sending message 112 to peer 0x55e585a932c0 (11 bytes)
1683100428.142915 sending message 112 to peer 0x55e585a932c0 (11 bytes)
1683100428.142917 sending message 112 to peer 0x55e585a932c0 (11 bytes)
1683100428.142920 sending message 112 to peer 0x55e585a932c0 (8 bytes)
1683100428.142922 sending message 112 to peer 0x55e585a932c0 (8 bytes)
1683100428.142925 sending message 112 to peer 0x55e585a932c0 (8 bytes)
1683100428.142927 sending message 112 to peer 0x55e585a932c0 (10 bytes)
1683100428.142929 sending message 112 to peer 0x55e585a932c0 (10 bytes)
1683100428.142931 sending message 112 to peer 0x55e585a932c0 (10 bytes)
1683100428.142933 sending message 112 to peer 0x55e585a932c0 (10 bytes)
1683100428.142935 sending message 112 to peer 0x55e585a932c0 (10 bytes)
1683100428.142937 sending message 112 to peer 0x55e585a932c0 (11 bytes)
1683100428.142939 sending message 112 to peer 0x55e585a932c0 (11 bytes)
1683100428.142941 sending message 112 to peer 0x55e585a932c0 (10 bytes)
1683100428.142943 sending message 112 to peer 0x55e585a932c0 (9 bytes)
1683100428.142946 sending message 112 to peer 0x55e585a932c0 (9 bytes)
1683100428.142948 sending message 112 to peer 0x55e585a932c0 (12 bytes)
1683100428.142950 sending message 112 to peer 0x55e585a932c0 (9 bytes)
1683100428.142951 sending message 112 to peer 0x55e585a932c0 (6 bytes)
1683100428.142954 sending message 112 to peer 0x55e585a932c0 (13 bytes)
1683100428.142957 sending message 112 to peer 0x55e585a932c0 (8 bytes)
1683100428.142959 sending message 112 to peer 0x55e585a932c0 (15 bytes)
1683100428.142961 sending message 112 to peer 0x55e585a932c0 (13 bytes)
1683100428.142963 sending message 112 to peer 0x55e585a932c0 (70 bytes)
1683100428.142965 sending message 112 to peer 0x55e585a932c0 (69 bytes)
1683100428.142967 sending message 112 to peer 0x55e585a932c0 (10 bytes)
1683100428.142969 sending message 112 to peer 0x55e585a932c0 (8 bytes)
1683100428.142971 sending message 112 to peer 0x55e585a932c0 (15 bytes)
1683100428.142973 sending message 112 to peer 0x55e585a932c0 (13 bytes)
1683100428.142975 sending message 112 to peer 0x55e585a932c0 (10 bytes)
1683100428.142977 sending message 112 to peer 0x55e585a932c0 (10 bytes)
1683100428.142978 sending message 112 to peer 0x55e585a932c0 (5 bytes)
1683100428.142980 sending message 112 to peer 0x55e585a932c0 (15 bytes)
1683100428.142983 sending message 104 to peer 0x55e585a932c0 (0 bytes)
1683100428.142985 sending message 110 to peer 0x55e585a932c0 (0 bytes)
1683100428.142987 sending message 107 to peer 0x55e585a932c0 (4 bytes)
1683100428.142989 sending message 105 to peer 0x55e585a932c0 (11 bytes)
1683100428.142991 sending message 105 to peer 0x55e585a932c0 (17 bytes)
1683100428.142993 sending message 105 to peer 0x55e585a932c0 (15 bytes)
1683100428.143002 sending message 105 to peer 0x55e585a932c0 (16 bytes)
1683100428.143005 sending message 105 to peer 0x55e585a932c0 (13 bytes)
1683100428.143008 sending message 105 to peer 0x55e585a932c0 (12 bytes)
1683100428.143010 sending message 105 to peer 0x55e585a932c0 (9 bytes)
1683100428.143012 sending message 105 to peer 0x55e585a932c0 (50 bytes)
1683100428.143013 sending message 105 to peer 0x55e585a932c0 (16 bytes)
1683100428.143015 sending message 105 to peer 0x55e585a932c0 (23 bytes)
1683100428.143017 sending message 105 to peer 0x55e585a932c0 (59 bytes)
1683100428.143019 sending message 105 to peer 0x55e585a932c0 (74 bytes)
1683100428.143021 sending message 105 to peer 0x55e585a932c0 (856 bytes)
1683100428.143024 sending message 105 to peer 0x55e585a932c0 (40 bytes)
1683100428.143026 sending message 105 to peer 0x55e585a932c0 (80 bytes)
1683100428.143028 sending message 105 to peer 0x55e585a932c0 (16 bytes)
1683100428.143029 sending message 105 to peer 0x55e585a932c0 (15 bytes)
1683100428.143031 sending message 105 to peer 0x55e585a932c0 (8 bytes)
1683100428.143033 sending message 105 to peer 0x55e585a932c0 (21 bytes)
1683100428.143035 sending message 105 to peer 0x55e585a932c0 (18 bytes)
1683100428.143037 sending message 105 to peer 0x55e585a932c0 (26 bytes)
1683100428.143039 sending message 105 to peer 0x55e585a932c0 (35 bytes)
1683100428.143044 sending message 105 to peer 0x55e585a932c0 (13 bytes)
1683100428.143046 sending message 105 to peer 0x55e585a932c0 (9 bytes)
1683100428.143048 sending message 105 to peer 0x55e585a932c0 (26 bytes)
1683100428.143050 sending message 105 to peer 0x55e585a932c0 (24 bytes)
1683100428.143052 sending message 105 to peer 0x55e585a932c0 (33 bytes)
1683100428.143054 sending message 105 to peer 0x55e585a932c0 (23 bytes)
1683100428.143056 sending message 105 to peer 0x55e585a932c0 (34 bytes)
1683100428.143058 sending message 105 to peer 0x55e585a932c0 (53 bytes)
1683100428.143060 sending message 105 to peer 0x55e585a932c0 (48 bytes)
1683100428.143061 sending message 105 to peer 0x55e585a932c0 (38 bytes)
1683100428.143063 sending message 105 to peer 0x55e585a932c0 (16 bytes)
1683100428.143065 sending message 106 to peer 0x55e585a932c0 (0 bytes)
1683100428.143068 sending message 200 to peer 0x55e585a932c0 (4 bytes)
1683100428.143070 client loop enter
1683100428.144001 peer 0x55e585a932c0 message 303
1683100428.144049 open write file 2 -
1683100428.144057 sending message 305 to peer 0x55e585a932c0 (8 bytes)
1683100428.144079 write check file 2
1683100428.144314 peer 0x55e585a932c0 message 304
1683100428.144335 write 58 to file 2
1683100428.144340 peer 0x55e585a932c0 message 203
1683100428.144343 file 2 58 bytes left
1683100428.144373 write check file 2
1683100428.144377 client loop exit
